memory[0]=4
memory[1]=12648454
memory[2]=8454167
memory[3]=8454174
memory[4]=25165824

$$$ transferring word [0-3] from the memory to the cache
$$$ transferring word [0-0] from the cache to the processor
$$$ transferring word [1-1] from the cache to the processor
$$$ transferring word [4-7] from the memory to the cache
$$$ transferring word [6-6] from the processor to the cache
$$$ transferring word [2-2] from the cache to the processor
$$$ transferring word [4-7] from the cache to the memory
$$$ transferring word [20-23] from the memory to the cache
$$$ transferring word [23-23] from the cache to the processor
$$$ transferring word [3-3] from the cache to the processor
$$$ transferring word [20-23] from the cache to nowhere
$$$ transferring word [28-31] from the memory to the cache
$$$ transferring word [30-30] from the cache to the processor
$$$ transferring word [28-31] from the cache to nowhere
$$$ transferring word [4-7] from the memory to the cache
$$$ transferring word [4-4] from the cache to the processor
machine halted
total of 5 instructions executed
final state of machine:

@@@
state:
	pc 5
	memory:
		mem[ 0 ] 4
		mem[ 1 ] 12648454
		mem[ 2 ] 8454167
		mem[ 3 ] 8454174
		mem[ 4 ] 25165824
		mem[ 5 ] 0
		mem[ 6 ] 0
	registers:
		reg[ 0 ] 0
		reg[ 1 ] 0
		reg[ 2 ] 0
		reg[ 3 ] 0
		reg[ 4 ] 0
		reg[ 5 ] 0
		reg[ 6 ] 0
		reg[ 7 ] 0
end state
$$$ Main memory words accessed: 24

cache:
	set 0:
		[ 0 ]: { 4 12648454 8454167 8454174 }
	set 1:
		[ 0 ]: { 25165824 0 0 0 }
end cache
End of run statistics:
